2018-01-08 12:03:37,723 ERROR [main] y.g.FieldsConfigLoader [FieldsConfigLoader.java:34] failed to load fields conf
java.lang.NullPointerException: null
	at java.util.Arrays.stream(Arrays.java:5004)
	at yaml.groovy.YamlConfigDirLoader.loadConfigs(YamlConfigDirLoader.java:36)
	at yaml.groovy.FieldsConfigLoader.<clinit>(FieldsConfigLoader.java:22)
	at yaml.groovy.StudentOutput.lambda$getOneStudentInfo$3(StudentOutput.java:53)
	at java.util.Arrays$ArrayList.forEach(Arrays.java:3880)
	at yaml.groovy.StudentOutput.getOneStudentInfo(StudentOutput.java:49)
	at yaml.groovy.StudentOutput.lambda$main$2(StudentOutput.java:33)
	at java.util.stream.ReferencePipeline$3$1.accept(ReferencePipeline.java:193)
	at java.util.Spliterators$ArraySpliterator.forEachRemaining(Spliterators.java:948)
	at java.util.stream.AbstractPipeline.copyInto(AbstractPipeline.java:481)
	at java.util.stream.AbstractPipeline.wrapAndCopyInto(AbstractPipeline.java:471)
	at java.util.stream.ReduceOps$ReduceOp.evaluateSequential(ReduceOps.java:708)
	at java.util.stream.AbstractPipeline.evaluate(AbstractPipeline.java:234)
	at java.util.stream.ReferencePipeline.collect(ReferencePipeline.java:499)
	at yaml.groovy.StudentOutput.main(StudentOutput.java:35)
	at sun.reflect.NativeMethodAccessorImpl.invoke0(Native Method)
	at sun.reflect.NativeMethodAccessorImpl.invoke(NativeMethodAccessorImpl.java:62)
	at sun.reflect.DelegatingMethodAccessorImpl.invoke(DelegatingMethodAccessorImpl.java:43)
	at java.lang.reflect.Method.invoke(Method.java:497)
	at com.intellij.rt.execution.application.AppMain.main(AppMain.java:147)
2018-01-08 12:04:38,754 ERROR [main] y.g.FieldsConfigLoader [FieldsConfigLoader.java:34] failed to load fields conf
java.lang.NullPointerException: null
	at java.util.Arrays.stream(Arrays.java:5004)
	at yaml.groovy.YamlConfigDirLoader.loadConfigs(YamlConfigDirLoader.java:36)
	at yaml.groovy.FieldsConfigLoader.<clinit>(FieldsConfigLoader.java:22)
	at yaml.groovy.StudentOutput.lambda$getOneStudentInfo$3(StudentOutput.java:53)
	at java.util.Arrays$ArrayList.forEach(Arrays.java:3880)
	at yaml.groovy.StudentOutput.getOneStudentInfo(StudentOutput.java:49)
	at yaml.groovy.StudentOutput.lambda$main$2(StudentOutput.java:33)
	at java.util.stream.ReferencePipeline$3$1.accept(ReferencePipeline.java:193)
	at java.util.Spliterators$ArraySpliterator.forEachRemaining(Spliterators.java:948)
	at java.util.stream.AbstractPipeline.copyInto(AbstractPipeline.java:481)
	at java.util.stream.AbstractPipeline.wrapAndCopyInto(AbstractPipeline.java:471)
	at java.util.stream.ReduceOps$ReduceOp.evaluateSequential(ReduceOps.java:708)
	at java.util.stream.AbstractPipeline.evaluate(AbstractPipeline.java:234)
	at java.util.stream.ReferencePipeline.collect(ReferencePipeline.java:499)
	at yaml.groovy.StudentOutput.main(StudentOutput.java:35)
	at sun.reflect.NativeMethodAccessorImpl.invoke0(Native Method)
	at sun.reflect.NativeMethodAccessorImpl.invoke(NativeMethodAccessorImpl.java:62)
	at sun.reflect.DelegatingMethodAccessorImpl.invoke(DelegatingMethodAccessorImpl.java:43)
	at java.lang.reflect.Method.invoke(Method.java:497)
	at com.intellij.rt.execution.application.AppMain.main(AppMain.java:147)
2018-01-08 12:05:50,325 ERROR [main] y.g.FieldsConfigLoader [FieldsConfigLoader.java:34] failed to load fields conf
java.lang.NullPointerException: null
	at java.util.Arrays.stream(Arrays.java:5004)
	at yaml.groovy.YamlConfigDirLoader.loadConfigs(YamlConfigDirLoader.java:36)
	at yaml.groovy.FieldsConfigLoader.<clinit>(FieldsConfigLoader.java:22)
	at yaml.groovy.StudentOutput.lambda$getOneStudentInfo$3(StudentOutput.java:53)
	at java.util.Arrays$ArrayList.forEach(Arrays.java:3880)
	at yaml.groovy.StudentOutput.getOneStudentInfo(StudentOutput.java:49)
	at yaml.groovy.StudentOutput.lambda$main$2(StudentOutput.java:33)
	at java.util.stream.ReferencePipeline$3$1.accept(ReferencePipeline.java:193)
	at java.util.Spliterators$ArraySpliterator.forEachRemaining(Spliterators.java:948)
	at java.util.stream.AbstractPipeline.copyInto(AbstractPipeline.java:481)
	at java.util.stream.AbstractPipeline.wrapAndCopyInto(AbstractPipeline.java:471)
	at java.util.stream.ReduceOps$ReduceOp.evaluateSequential(ReduceOps.java:708)
	at java.util.stream.AbstractPipeline.evaluate(AbstractPipeline.java:234)
	at java.util.stream.ReferencePipeline.collect(ReferencePipeline.java:499)
	at yaml.groovy.StudentOutput.main(StudentOutput.java:35)
2018-01-08 12:06:17,862 INFO [main] y.g.FieldsConfigLoader [FieldsConfigLoader.java:30] fieldConfigs: [ReportFieldConfig(name=studentAble, title=特长, script=stu.able), ReportFieldConfig(name=studentId, title=学生编号, script=stu.studentId), ReportFieldConfig(name=studentName, title=学生姓名, script=stu.getName())]
2018-01-08 12:06:55,496 INFO [main] y.g.FieldsConfigLoader [FieldsConfigLoader.java:30] fieldConfigs: [ReportFieldConfig(name=studentAble, title=特长, script=stu.able), ReportFieldConfig(name=studentId, title=学生编号, script=stu.studentId), ReportFieldConfig(name=studentName, title=学生姓名, script=stu.getName())]
2018-01-08 14:14:17,397 INFO [main] y.g.FieldsConfigLoader [FieldsConfigLoader.java:30] fieldConfigs: [ReportFieldConfig(name=studentAble, title=特长, script=stu.able), ReportFieldConfig(name=studentId, title=学生编号, script=stu.studentId), ReportFieldConfig(name=studentName, title=学生姓名, script=stu.getName())]
2018-01-08 14:28:05,984 INFO [main] y.g.FieldsConfigLoader [FieldsConfigLoader.java:30] fieldConfigs: [ReportFieldConfig(name=studentAble1234, title=特长abcd, script=stu.able), ReportFieldConfig(name=studentId, title=学生编号, script=stu.studentId), ReportFieldConfig(name=studentName, title=学生姓名, script=stu.getName())]
2018-01-08 14:28:20,428 INFO [main] y.g.FieldsConfigLoader [FieldsConfigLoader.java:30] fieldConfigs: [ReportFieldConfig(name=studentAble, title=特长abcd, script=stu.able), ReportFieldConfig(name=studentId, title=学生编号, script=stu.studentId), ReportFieldConfig(name=studentName, title=学生姓名, script=stu.getName())]
2018-01-08 14:29:07,773 INFO [main] y.g.FieldsConfigLoader [FieldsConfigLoader.java:30] fieldConfigs: [ReportFieldConfig(name=studentAble1, title=特长abcd, script=stu.able), ReportFieldConfig(name=studentId, title=学生编号, script=stu.studentId), ReportFieldConfig(name=studentName, title=学生姓名, script=stu.getName())]
2018-01-08 14:29:21,201 INFO [main] y.g.FieldsConfigLoader [FieldsConfigLoader.java:30] fieldConfigs: [ReportFieldConfig(name=studentAble1, title=特长abcd, script=stu.able), ReportFieldConfig(name=studentId, title=学生编号, script=stu.studentId), ReportFieldConfig(name=studentName, title=学生姓名, script=stu.getName())]
