 2017-04-01 16:59:25,880 ERROR [main] c.s.c.f.BigDecimalFilter [BigDecimalFilter.java:26] 时间字段错误解析
java.lang.NoSuchFieldException: test
	at java.lang.Class.getDeclaredField(Class.java:2070)
	at com.satan.common.fastjson.BigDecimalFilter.process(BigDecimalFilter.java:21)
	at com.alibaba.fastjson.serializer.SerializeFilterable.processValue(SerializeFilterable.java:214)
	at com.alibaba.fastjson.serializer.MapSerializer.write(MapSerializer.java:181)
	at com.alibaba.fastjson.serializer.ASMSerializer_1_JSONResult.writeNormal(Unknown Source)
	at com.alibaba.fastjson.serializer.ASMSerializer_1_JSONResult.write(Unknown Source)
	at com.alibaba.fastjson.serializer.JSONSerializer.write(JSONSerializer.java:264)
	at com.alibaba.fastjson.JSON.toJSONString(JSON.java:637)
	at com.satan.common.web.result.JSONResult.toJSONString(JSONResult.java:139)
	at com.satan.common.web.result.JSONResult.toJSONString(JSONResult.java:118)
	at com.satan.common.web.result.JSONResult.buildJsonString(JSONResult.java:114)
	at com.satan.common.web.result.JSONResult.main(JSONResult.java:144)
	at sun.reflect.NativeMethodAccessorImpl.invoke0(Native Method)
	at sun.reflect.NativeMethodAccessorImpl.invoke(NativeMethodAccessorImpl.java:62)
	at sun.reflect.DelegatingMethodAccessorImpl.invoke(DelegatingMethodAccessorImpl.java:43)
	at java.lang.reflect.Method.invoke(Method.java:497)
	at com.intellij.rt.execution.application.AppMain.main(AppMain.java:147)
 2017-04-01 17:00:08,537 ERROR [main] c.s.c.f.BigDecimalFilter [BigDecimalFilter.java:26] 时间字段错误解析
java.lang.NoSuchFieldException: test
	at java.lang.Class.getDeclaredField(Class.java:2070)
	at com.satan.common.fastjson.BigDecimalFilter.process(BigDecimalFilter.java:21)
	at com.alibaba.fastjson.serializer.SerializeFilterable.processValue(SerializeFilterable.java:214)
	at com.alibaba.fastjson.serializer.MapSerializer.write(MapSerializer.java:181)
	at com.alibaba.fastjson.serializer.ASMSerializer_1_JSONResult.writeNormal(Unknown Source)
	at com.alibaba.fastjson.serializer.ASMSerializer_1_JSONResult.write(Unknown Source)
	at com.alibaba.fastjson.serializer.JSONSerializer.write(JSONSerializer.java:264)
	at com.alibaba.fastjson.JSON.toJSONString(JSON.java:637)
	at com.satan.common.web.result.JSONResult.toJSONString(JSONResult.java:139)
	at com.satan.common.web.result.JSONResult.toJSONString(JSONResult.java:118)
	at com.satan.common.web.result.JSONResult.buildJsonString(JSONResult.java:114)
	at com.satan.common.web.result.JSONResult.main(JSONResult.java:144)
	at sun.reflect.NativeMethodAccessorImpl.invoke0(Native Method)
	at sun.reflect.NativeMethodAccessorImpl.invoke(NativeMethodAccessorImpl.java:62)
	at sun.reflect.DelegatingMethodAccessorImpl.invoke(DelegatingMethodAccessorImpl.java:43)
	at java.lang.reflect.Method.invoke(Method.java:497)
	at com.intellij.rt.execution.application.AppMain.main(AppMain.java:147)
 2017-04-01 17:02:22,462 ERROR [main] c.s.c.f.BigDecimalFilter [BigDecimalFilter.java:26] 时间字段错误解析
java.lang.NoSuchFieldException: test
	at java.lang.Class.getDeclaredField(Class.java:2070)
	at com.satan.common.fastjson.BigDecimalFilter.process(BigDecimalFilter.java:21)
	at com.alibaba.fastjson.serializer.SerializeFilterable.processValue(SerializeFilterable.java:214)
	at com.alibaba.fastjson.serializer.MapSerializer.write(MapSerializer.java:181)
	at com.alibaba.fastjson.serializer.JSONSerializer.write(JSONSerializer.java:264)
	at com.alibaba.fastjson.JSON.toJSONString(JSON.java:637)
	at com.alibaba.fastjson.JSON.toJSONString(JSON.java:575)
	at com.satan.common.web.result.JSONResult.main(JSONResult.java:146)
	at sun.reflect.NativeMethodAccessorImpl.invoke0(Native Method)
	at sun.reflect.NativeMethodAccessorImpl.invoke(NativeMethodAccessorImpl.java:62)
	at sun.reflect.DelegatingMethodAccessorImpl.invoke(DelegatingMethodAccessorImpl.java:43)
	at java.lang.reflect.Method.invoke(Method.java:497)
	at com.intellij.rt.execution.application.AppMain.main(AppMain.java:147)
 2017-04-01 17:02:48,224 ERROR [main] c.s.c.f.BigDecimalFilter [BigDecimalFilter.java:26] 时间字段错误解析
java.lang.NoSuchFieldException: test
	at java.lang.Class.getDeclaredField(Class.java:2070)
	at com.satan.common.fastjson.BigDecimalFilter.process(BigDecimalFilter.java:21)
	at com.alibaba.fastjson.serializer.SerializeFilterable.processValue(SerializeFilterable.java:214)
	at com.alibaba.fastjson.serializer.MapSerializer.write(MapSerializer.java:181)
	at com.alibaba.fastjson.serializer.JSONSerializer.write(JSONSerializer.java:264)
	at com.alibaba.fastjson.JSON.toJSONString(JSON.java:637)
	at com.alibaba.fastjson.JSON.toJSONString(JSON.java:575)
	at com.satan.common.web.result.JSONResult.main(JSONResult.java:146)
 2017-04-01 17:02:52,101 ERROR [main] c.s.c.f.BigDecimalFilter [BigDecimalFilter.java:26] 时间字段错误解析
java.lang.NoSuchFieldException: test
	at java.lang.Class.getDeclaredField(Class.java:2070)
	at com.satan.common.fastjson.BigDecimalFilter.process(BigDecimalFilter.java:21)
	at com.alibaba.fastjson.serializer.SerializeFilterable.processValue(SerializeFilterable.java:214)
	at com.alibaba.fastjson.serializer.MapSerializer.write(MapSerializer.java:181)
	at com.alibaba.fastjson.serializer.JSONSerializer.write(JSONSerializer.java:264)
	at com.alibaba.fastjson.JSON.toJSONString(JSON.java:637)
	at com.alibaba.fastjson.JSON.toJSONString(JSON.java:575)
	at com.satan.common.web.result.JSONResult.main(JSONResult.java:146)
 2017-04-01 17:03:09,301 ERROR [main] c.s.c.f.BigDecimalFilter [BigDecimalFilter.java:26] 时间字段错误解析
java.lang.NoSuchFieldException: test
	at java.lang.Class.getDeclaredField(Class.java:2070)
	at com.satan.common.fastjson.BigDecimalFilter.process(BigDecimalFilter.java:21)
	at com.alibaba.fastjson.serializer.SerializeFilterable.processValue(SerializeFilterable.java:214)
	at com.alibaba.fastjson.serializer.MapSerializer.write(MapSerializer.java:181)
	at com.alibaba.fastjson.serializer.JSONSerializer.write(JSONSerializer.java:264)
	at com.alibaba.fastjson.JSON.toJSONString(JSON.java:637)
	at com.alibaba.fastjson.JSON.toJSONString(JSON.java:575)
	at com.satan.common.web.result.JSONResult.main(JSONResult.java:146)
 2017-04-01 17:05:40,918 ERROR [main] c.s.c.f.BigDecimalFilter [BigDecimalFilter.java:26] 时间字段错误解析
java.lang.NoSuchFieldException: test
	at java.lang.Class.getDeclaredField(Class.java:2070)
	at com.satan.common.fastjson.BigDecimalFilter.process(BigDecimalFilter.java:21)
	at com.alibaba.fastjson.serializer.SerializeFilterable.processValue(SerializeFilterable.java:214)
	at com.alibaba.fastjson.serializer.MapSerializer.write(MapSerializer.java:181)
	at com.alibaba.fastjson.serializer.JSONSerializer.write(JSONSerializer.java:264)
	at com.alibaba.fastjson.JSON.toJSONString(JSON.java:637)
	at com.alibaba.fastjson.JSON.toJSONString(JSON.java:575)
	at com.satan.common.web.result.JSONResult.main(JSONResult.java:146)
